The system is: Darwin - 10.2.0 - i386
Compiling the C compiler identification source file "CMakeCCompilerId.c" succeeded.
Compiler: /Gentoo-32/usr/i386-apple-darwin10/gcc-bin/4.2.1/gcc 
Build flags: 
Id flags: 

The output was:
0


Compilation of the C compiler identification source "CMakeCCompilerId.c" produced "a.out"

The C compiler identification is GNU, found in "/Users/gijs/Work/sonic-vision/code/cpp/finder/build.mac/CMakeFiles/CompilerIdC/a.out"

Compiling the CXX compiler identification source file "CMakeCXXCompilerId.cpp" succeeded.
Compiler: /Gentoo-32/usr/i386-apple-darwin10/gcc-bin/4.2.1/g++ 
Build flags: 
Id flags: 

The output was:
0
CMakeCXXCompilerId.cpp:73: warning: deprecated conversion from string constant to ‘char*’
CMakeCXXCompilerId.cpp:163: warning: deprecated conversion from string constant to ‘char*’


Compilation of the CXX compiler identification source "CMakeCXXCompilerId.cpp" produced "a.out"

The CXX compiler identification is GNU, found in "/Users/gijs/Work/sonic-vision/code/cpp/finder/build.mac/CMakeFiles/CompilerIdCXX/a.out"

Determining if the C compiler works passed with the following output:
Change Dir: /Users/gijs/Work/sonic-vision/code/cpp/finder/build.mac/CMakeFiles/CMakeTmp

Run Build Command:/Gentoo-32/usr/bin/cmakexbuild -project CMAKE_TRY_COMPILE.xcodeproj build -target cmTryCompileExec -configuration Debug

=== BUILD NATIVE TARGET cmTryCompileExec OF PROJECT CMAKE_TRY_COMPILE WITH CONFIGURATION Debug ===
Check dependencies
PhaseScriptExecution "CMake ReRun" CMAKE_TRY_COMPILE.build/Debug/cmTryCompileExec.build/Script-88DAE088DAE088DAE0000000.sh
    cd /Users/gijs/Work/sonic-vision/code/cpp/finder/build.mac/CMakeFiles/CMakeTmp
    /bin/sh -c /Users/gijs/Work/sonic-vision/code/cpp/finder/build.mac/CMakeFiles/CMakeTmp/CMAKE_TRY_COMPILE.build/Debug/cmTryCompileExec.build/Script-88DAE088DAE088DAE0000000.sh

make: `CMakeFiles/cmake.check_cache' is up to date.
CompileC CMAKE_TRY_COMPILE.build/Debug/cmTryCompileExec.build/Objects-normal/x86_64/testCCompiler.o testCCompiler.c normal x86_64 c com.apple.compilers.gcc.4_2
    cd /Users/gijs/Work/sonic-vision/code/cpp/finder/build.mac/CMakeFiles/CMakeTmp
    /Developer/usr/bin/gcc-4.2 -x c -arch x86_64 -fmessage-length=0 -pipe -Wno-trigraphs -fpascal-strings -fasm-blocks -O0 -mdynamic-no-pic -DCMAKE_INTDIR="Debug" -isysroot /Developer/SDKs/MacOSX10.6.sdk -mmacosx-version-min=10.6 -gdwarf-2 -Wmost -Wno-four-char-constants -Wno-unknown-pragmas -F/Users/gijs/Work/sonic-vision/code/cpp/finder/build.mac/CMakeFiles/CMakeTmp/Debug -I/Users/gijs/Work/sonic-vision/code/cpp/finder/build.mac/CMakeFiles/CMakeTmp/Debug/include -I/Users/gijs/Work/sonic-vision/code/cpp/finder/build.mac/CMakeFiles/CMakeTmp/CMAKE_TRY_COMPILE.build/Debug/cmTryCompileExec.build/DerivedSources/x86_64 -I/Users/gijs/Work/sonic-vision/code/cpp/finder/build.mac/CMakeFiles/CMakeTmp/CMAKE_TRY_COMPILE.build/Debug/cmTryCompileExec.build/DerivedSources -c /Users/gijs/Work/sonic-vision/code/cpp/finder/build.mac/CMakeFiles/CMakeTmp/testCCompiler.c -o /Users/gijs/Work/sonic-vision/code/cpp/finder/build.mac/CMakeFiles/CMakeTmp/CMAKE_TRY_COMPILE.build/Debug/cmTryCompileExec.build/Objects-normal/x86_64/testCCompiler.o

Ld Debug/cmTryCompileExec normal x86_64
    cd /Users/gijs/Work/sonic-vision/code/cpp/finder/build.mac/CMakeFiles/CMakeTmp
    /Developer/usr/bin/gcc-4.2 -arch x86_64 -isysroot /Developer/SDKs/MacOSX10.6.sdk -L/Users/gijs/Work/sonic-vision/code/cpp/finder/build.mac/CMakeFiles/CMakeTmp/Debug -F/Users/gijs/Work/sonic-vision/code/cpp/finder/build.mac/CMakeFiles/CMakeTmp/Debug -filelist /Users/gijs/Work/sonic-vision/code/cpp/finder/build.mac/CMakeFiles/CMakeTmp/CMAKE_TRY_COMPILE.build/Debug/cmTryCompileExec.build/Objects-normal/x86_64/cmTryCompileExec.LinkFileList -mmacosx-version-min=10.6 -Wl,-search_paths_first -headerpad_max_install_names -o /Users/gijs/Work/sonic-vision/code/cpp/finder/build.mac/CMakeFiles/CMakeTmp/Debug/cmTryCompileExec

PhaseScriptExecution "CMake PostBuild Rules" CMAKE_TRY_COMPILE.build/Debug/cmTryCompileExec.build/Script-88E3E088E3E088E3E0000000.sh
    cd /Users/gijs/Work/sonic-vision/code/cpp/finder/build.mac/CMakeFiles/CMakeTmp
    /bin/sh -c /Users/gijs/Work/sonic-vision/code/cpp/finder/build.mac/CMakeFiles/CMakeTmp/CMAKE_TRY_COMPILE.build/Debug/cmTryCompileExec.build/Script-88E3E088E3E088E3E0000000.sh

echo "Depend check for xcode"
Depend check for xcode
cd /Users/gijs/Work/sonic-vision/code/cpp/finder/build.mac/CMakeFiles/CMakeTmp && make -C /Users/gijs/Work/sonic-vision/code/cpp/finder/build.mac/CMakeFiles/CMakeTmp -f /Users/gijs/Work/sonic-vision/code/cpp/finder/build.mac/CMakeFiles/CMakeTmp/CMakeScripts/XCODE_DEPEND_HELPER.make all.Debug
make[1]: Nothing to be done for `all.Debug'.
** BUILD SUCCEEDED **



Detecting C compiler ABI info compiled with the following output:
Change Dir: /Users/gijs/Work/sonic-vision/code/cpp/finder/build.mac/CMakeFiles/CMakeTmp

Run Build Command:/Gentoo-32/usr/bin/cmakexbuild -project CMAKE_TRY_COMPILE.xcodeproj build -target cmTryCompileExec -configuration Debug

=== BUILD NATIVE TARGET cmTryCompileExec OF PROJECT CMAKE_TRY_COMPILE WITH CONFIGURATION Debug ===
Check dependencies
PhaseScriptExecution "CMake ReRun" CMAKE_TRY_COMPILE.build/Debug/cmTryCompileExec.build/Script-896EF0896EF0896EF0000000.sh
    cd /Users/gijs/Work/sonic-vision/code/cpp/finder/build.mac/CMakeFiles/CMakeTmp
    /bin/sh -c /Users/gijs/Work/sonic-vision/code/cpp/finder/build.mac/CMakeFiles/CMakeTmp/CMAKE_TRY_COMPILE.build/Debug/cmTryCompileExec.build/Script-896EF0896EF0896EF0000000.sh

make: `CMakeFiles/cmake.check_cache' is up to date.
CompileC CMAKE_TRY_COMPILE.build/Debug/cmTryCompileExec.build/Objects-normal/x86_64/CMakeCCompilerABI.o ../../../../../../../../../../Gentoo-32/usr/share/cmake/Modules/CMakeCCompilerABI.c normal x86_64 c com.apple.compilers.gcc.4_2
    cd /Users/gijs/Work/sonic-vision/code/cpp/finder/build.mac/CMakeFiles/CMakeTmp
    /Developer/usr/bin/gcc-4.2 -x c -arch x86_64 -fmessage-length=0 -pipe -Wno-trigraphs -fpascal-strings -fasm-blocks -O0 -mdynamic-no-pic -DCMAKE_INTDIR="Debug" -isysroot /Developer/SDKs/MacOSX10.6.sdk -mmacosx-version-min=10.6 -gdwarf-2 -Wmost -Wno-four-char-constants -Wno-unknown-pragmas -F/Users/gijs/Work/sonic-vision/code/cpp/finder/build.mac/CMakeFiles/CMakeTmp/Debug -I/Users/gijs/Work/sonic-vision/code/cpp/finder/build.mac/CMakeFiles/CMakeTmp/Debug/include -I/Users/gijs/Work/sonic-vision/code/cpp/finder/build.mac/CMakeFiles/CMakeTmp/CMAKE_TRY_COMPILE.build/Debug/cmTryCompileExec.build/DerivedSources/x86_64 -I/Users/gijs/Work/sonic-vision/code/cpp/finder/build.mac/CMakeFiles/CMakeTmp/CMAKE_TRY_COMPILE.build/Debug/cmTryCompileExec.build/DerivedSources -c /Users/gijs/Work/sonic-vision/code/cpp/finder/build.mac/CMakeFiles/CMakeTmp/../../../../../../../../../../Gentoo-32/usr/share/cmake/Modules/CMakeCCompilerABI.c -o /Users/gijs/Work/sonic-vision/code/cpp/finder/build.mac/CMakeFiles/CMakeTmp/CMAKE_TRY_COMPILE.build/Debug/cmTryCompileExec.build/Objects-normal/x86_64/CMakeCCompilerABI.o

Ld Debug/cmTryCompileExec normal x86_64
    cd /Users/gijs/Work/sonic-vision/code/cpp/finder/build.mac/CMakeFiles/CMakeTmp
    /Developer/usr/bin/gcc-4.2 -arch x86_64 -isysroot /Developer/SDKs/MacOSX10.6.sdk -L/Users/gijs/Work/sonic-vision/code/cpp/finder/build.mac/CMakeFiles/CMakeTmp/Debug -F/Users/gijs/Work/sonic-vision/code/cpp/finder/build.mac/CMakeFiles/CMakeTmp/Debug -filelist /Users/gijs/Work/sonic-vision/code/cpp/finder/build.mac/CMakeFiles/CMakeTmp/CMAKE_TRY_COMPILE.build/Debug/cmTryCompileExec.build/Objects-normal/x86_64/cmTryCompileExec.LinkFileList -mmacosx-version-min=10.6 -v -Wl,-search_paths_first -headerpad_max_install_names -o /Users/gijs/Work/sonic-vision/code/cpp/finder/build.mac/CMakeFiles/CMakeTmp/Debug/cmTryCompileExec

Using built-in specs.
Target: i686-apple-darwin10
Configured with: /var/tmp/gcc/gcc-5646.1~2/src/configure --disable-checking --enable-werror --prefix=/usr --mandir=/share/man --enable-languages=c,objc,c++,obj-c++ --program-transform-name=/^[cg][^.-]*$/s/$/-4.2/ --with-slibdir=/usr/lib --build=i686-apple-darwin10 --with-gxx-include-dir=/include/c++/4.2.1 --program-prefix=i686-apple-darwin10- --host=x86_64-apple-darwin10 --target=i686-apple-darwin10
Thread model: posix
gcc version 4.2.1 (Apple Inc. build 5646) (dot 1)
 /Developer/usr/bin/../libexec/gcc/i686-apple-darwin10/4.2.1/collect2 -dynamic -arch x86_64 -headerpad_max_install_names -macosx_version_min 10.6 -syslibroot /Developer/SDKs/MacOSX10.6.sdk -weak_reference_mismatches non-weak -o /Users/gijs/Work/sonic-vision/code/cpp/finder/build.mac/CMakeFiles/CMakeTmp/Debug/cmTryCompileExec -lcrt1.10.6.o -L/Users/gijs/Work/sonic-vision/code/cpp/finder/build.mac/CMakeFiles/CMakeTmp/Debug -L/Developer/usr/bin/../lib/gcc/i686-apple-darwin10/4.2.1/x86_64 -L/usr/lib/gcc/i686-apple-darwin10/4.2.1/x86_64 -L/usr/lib/gcc/i686-apple-darwin10/4.2.1/x86_64 -L/Developer/SDKs/MacOSX10.6.sdk/usr/lib/i686-apple-darwin10/4.2.1 -L/Developer/SDKs/MacOSX10.6.sdk/usr/lib -L/Developer/usr/bin/../lib/gcc/i686-apple-darwin10/4.2.1 -L/Developer/usr/bin/../lib/gcc -L/usr/lib/gcc/i686-apple-darwin10/4.2.1 -L/usr/lib/gcc/i686-apple-darwin10/4.2.1 -L/Developer/usr/bin/../lib/gcc/i686-apple-darwin10/4.2.1/../../../i686-apple-darwin10/4.2.1 -L/Developer/usr/bin/../lib/gcc/i686-apple-darwin10/4.2.1/../../.. -L/Developer/SDKs/MacOSX10.6.sdk/usr/lib/gcc/i686-apple-darwin10/4.2.1/../../../i686-apple-darwin10/4.2.1 -L/Developer/SDKs/MacOSX10.6.sdk/usr/lib/gcc/i686-apple-darwin10/4.2.1/../../.. -filelist /Users/gijs/Work/sonic-vision/code/cpp/finder/build.mac/CMakeFiles/CMakeTmp/CMAKE_TRY_COMPILE.build/Debug/cmTryCompileExec.build/Objects-normal/x86_64/cmTryCompileExec.LinkFileList -search_paths_first -lSystem -lgcc -lSystem -F/Users/gijs/Work/sonic-vision/code/cpp/finder/build.mac/CMakeFiles/CMakeTmp/Debug
PhaseScriptExecution "CMake PostBuild Rules" CMAKE_TRY_COMPILE.build/Debug/cmTryCompileExec.build/Script-897640897640897640000000.sh
    cd /Users/gijs/Work/sonic-vision/code/cpp/finder/build.mac/CMakeFiles/CMakeTmp
    /bin/sh -c /Users/gijs/Work/sonic-vision/code/cpp/finder/build.mac/CMakeFiles/CMakeTmp/CMAKE_TRY_COMPILE.build/Debug/cmTryCompileExec.build/Script-897640897640897640000000.sh

echo "Depend check for xcode"
Depend check for xcode
cd /Users/gijs/Work/sonic-vision/code/cpp/finder/build.mac/CMakeFiles/CMakeTmp && make -C /Users/gijs/Work/sonic-vision/code/cpp/finder/build.mac/CMakeFiles/CMakeTmp -f /Users/gijs/Work/sonic-vision/code/cpp/finder/build.mac/CMakeFiles/CMakeTmp/CMakeScripts/XCODE_DEPEND_HELPER.make all.Debug
make[1]: Nothing to be done for `all.Debug'.
** BUILD SUCCEEDED **



Determining if the CXX compiler works passed with the following output:
Change Dir: /Users/gijs/Work/sonic-vision/code/cpp/finder/build.mac/CMakeFiles/CMakeTmp

Run Build Command:/Gentoo-32/usr/bin/cmakexbuild -project CMAKE_TRY_COMPILE.xcodeproj build -target cmTryCompileExec -configuration Debug

=== BUILD NATIVE TARGET cmTryCompileExec OF PROJECT CMAKE_TRY_COMPILE WITH CONFIGURATION Debug ===
Check dependencies
PhaseScriptExecution "CMake ReRun" CMAKE_TRY_COMPILE.build/Debug/cmTryCompileExec.build/Script-897290897290897290000000.sh
    cd /Users/gijs/Work/sonic-vision/code/cpp/finder/build.mac/CMakeFiles/CMakeTmp
    /bin/sh -c /Users/gijs/Work/sonic-vision/code/cpp/finder/build.mac/CMakeFiles/CMakeTmp/CMAKE_TRY_COMPILE.build/Debug/cmTryCompileExec.build/Script-897290897290897290000000.sh

make: `CMakeFiles/cmake.check_cache' is up to date.
CompileC CMAKE_TRY_COMPILE.build/Debug/cmTryCompileExec.build/Objects-normal/x86_64/testCXXCompiler.o testCXXCompiler.cxx normal x86_64 c++ com.apple.compilers.gcc.4_2
    cd /Users/gijs/Work/sonic-vision/code/cpp/finder/build.mac/CMakeFiles/CMakeTmp
    /Developer/usr/bin/gcc-4.2 -x c++ -arch x86_64 -fmessage-length=0 -pipe -Wno-trigraphs -fpascal-strings -fasm-blocks -O0 -mdynamic-no-pic -DCMAKE_INTDIR="Debug" -isysroot /Developer/SDKs/MacOSX10.6.sdk -mmacosx-version-min=10.6 -gdwarf-2 -Wmost -Wno-four-char-constants -Wno-unknown-pragmas -F/Users/gijs/Work/sonic-vision/code/cpp/finder/build.mac/CMakeFiles/CMakeTmp/Debug -I/Users/gijs/Work/sonic-vision/code/cpp/finder/build.mac/CMakeFiles/CMakeTmp/Debug/include -I/Users/gijs/Work/sonic-vision/code/cpp/finder/build.mac/CMakeFiles/CMakeTmp/CMAKE_TRY_COMPILE.build/Debug/cmTryCompileExec.build/DerivedSources/x86_64 -I/Users/gijs/Work/sonic-vision/code/cpp/finder/build.mac/CMakeFiles/CMakeTmp/CMAKE_TRY_COMPILE.build/Debug/cmTryCompileExec.build/DerivedSources -c /Users/gijs/Work/sonic-vision/code/cpp/finder/build.mac/CMakeFiles/CMakeTmp/testCXXCompiler.cxx -o /Users/gijs/Work/sonic-vision/code/cpp/finder/build.mac/CMakeFiles/CMakeTmp/CMAKE_TRY_COMPILE.build/Debug/cmTryCompileExec.build/Objects-normal/x86_64/testCXXCompiler.o

Ld Debug/cmTryCompileExec normal x86_64
    cd /Users/gijs/Work/sonic-vision/code/cpp/finder/build.mac/CMakeFiles/CMakeTmp
    /Developer/usr/bin/g++-4.2 -arch x86_64 -isysroot /Developer/SDKs/MacOSX10.6.sdk -L/Users/gijs/Work/sonic-vision/code/cpp/finder/build.mac/CMakeFiles/CMakeTmp/Debug -F/Users/gijs/Work/sonic-vision/code/cpp/finder/build.mac/CMakeFiles/CMakeTmp/Debug -filelist /Users/gijs/Work/sonic-vision/code/cpp/finder/build.mac/CMakeFiles/CMakeTmp/CMAKE_TRY_COMPILE.build/Debug/cmTryCompileExec.build/Objects-normal/x86_64/cmTryCompileExec.LinkFileList -mmacosx-version-min=10.6 -Wl,-search_paths_first -headerpad_max_install_names -o /Users/gijs/Work/sonic-vision/code/cpp/finder/build.mac/CMakeFiles/CMakeTmp/Debug/cmTryCompileExec

PhaseScriptExecution "CMake PostBuild Rules" CMAKE_TRY_COMPILE.build/Debug/cmTryCompileExec.build/Script-8979E08979E08979E0000000.sh
    cd /Users/gijs/Work/sonic-vision/code/cpp/finder/build.mac/CMakeFiles/CMakeTmp
    /bin/sh -c /Users/gijs/Work/sonic-vision/code/cpp/finder/build.mac/CMakeFiles/CMakeTmp/CMAKE_TRY_COMPILE.build/Debug/cmTryCompileExec.build/Script-8979E08979E08979E0000000.sh

echo "Depend check for xcode"
Depend check for xcode
cd /Users/gijs/Work/sonic-vision/code/cpp/finder/build.mac/CMakeFiles/CMakeTmp && make -C /Users/gijs/Work/sonic-vision/code/cpp/finder/build.mac/CMakeFiles/CMakeTmp -f /Users/gijs/Work/sonic-vision/code/cpp/finder/build.mac/CMakeFiles/CMakeTmp/CMakeScripts/XCODE_DEPEND_HELPER.make all.Debug
make[1]: Nothing to be done for `all.Debug'.
** BUILD SUCCEEDED **



Detecting CXX compiler ABI info compiled with the following output:
Change Dir: /Users/gijs/Work/sonic-vision/code/cpp/finder/build.mac/CMakeFiles/CMakeTmp

Run Build Command:/Gentoo-32/usr/bin/cmakexbuild -project CMAKE_TRY_COMPILE.xcodeproj build -target cmTryCompileExec -configuration Debug

=== BUILD NATIVE TARGET cmTryCompileExec OF PROJECT CMAKE_TRY_COMPILE WITH CONFIGURATION Debug ===
Check dependencies
PhaseScriptExecution "CMake ReRun" CMAKE_TRY_COMPILE.build/Debug/cmTryCompileExec.build/Script-8A07508A07508A0750000000.sh
    cd /Users/gijs/Work/sonic-vision/code/cpp/finder/build.mac/CMakeFiles/CMakeTmp
    /bin/sh -c /Users/gijs/Work/sonic-vision/code/cpp/finder/build.mac/CMakeFiles/CMakeTmp/CMAKE_TRY_COMPILE.build/Debug/cmTryCompileExec.build/Script-8A07508A07508A0750000000.sh

make: `CMakeFiles/cmake.check_cache' is up to date.
CompileC CMAKE_TRY_COMPILE.build/Debug/cmTryCompileExec.build/Objects-normal/x86_64/CMakeCXXCompilerABI.o ../../../../../../../../../../Gentoo-32/usr/share/cmake/Modules/CMakeCXXCompilerABI.cpp normal x86_64 c++ com.apple.compilers.gcc.4_2
    cd /Users/gijs/Work/sonic-vision/code/cpp/finder/build.mac/CMakeFiles/CMakeTmp
    /Developer/usr/bin/gcc-4.2 -x c++ -arch x86_64 -fmessage-length=0 -pipe -Wno-trigraphs -fpascal-strings -fasm-blocks -O0 -mdynamic-no-pic -DCMAKE_INTDIR="Debug" -isysroot /Developer/SDKs/MacOSX10.6.sdk -mmacosx-version-min=10.6 -gdwarf-2 -Wmost -Wno-four-char-constants -Wno-unknown-pragmas -F/Users/gijs/Work/sonic-vision/code/cpp/finder/build.mac/CMakeFiles/CMakeTmp/Debug -I/Users/gijs/Work/sonic-vision/code/cpp/finder/build.mac/CMakeFiles/CMakeTmp/Debug/include -I/Users/gijs/Work/sonic-vision/code/cpp/finder/build.mac/CMakeFiles/CMakeTmp/CMAKE_TRY_COMPILE.build/Debug/cmTryCompileExec.build/DerivedSources/x86_64 -I/Users/gijs/Work/sonic-vision/code/cpp/finder/build.mac/CMakeFiles/CMakeTmp/CMAKE_TRY_COMPILE.build/Debug/cmTryCompileExec.build/DerivedSources -c /Users/gijs/Work/sonic-vision/code/cpp/finder/build.mac/CMakeFiles/CMakeTmp/../../../../../../../../../../Gentoo-32/usr/share/cmake/Modules/CMakeCXXCompilerABI.cpp -o /Users/gijs/Work/sonic-vision/code/cpp/finder/build.mac/CMakeFiles/CMakeTmp/CMAKE_TRY_COMPILE.build/Debug/cmTryCompileExec.build/Objects-normal/x86_64/CMakeCXXCompilerABI.o

Ld Debug/cmTryCompileExec normal x86_64
    cd /Users/gijs/Work/sonic-vision/code/cpp/finder/build.mac/CMakeFiles/CMakeTmp
    /Developer/usr/bin/g++-4.2 -arch x86_64 -isysroot /Developer/SDKs/MacOSX10.6.sdk -L/Users/gijs/Work/sonic-vision/code/cpp/finder/build.mac/CMakeFiles/CMakeTmp/Debug -F/Users/gijs/Work/sonic-vision/code/cpp/finder/build.mac/CMakeFiles/CMakeTmp/Debug -filelist /Users/gijs/Work/sonic-vision/code/cpp/finder/build.mac/CMakeFiles/CMakeTmp/CMAKE_TRY_COMPILE.build/Debug/cmTryCompileExec.build/Objects-normal/x86_64/cmTryCompileExec.LinkFileList -mmacosx-version-min=10.6 -v -Wl,-search_paths_first -headerpad_max_install_names -o /Users/gijs/Work/sonic-vision/code/cpp/finder/build.mac/CMakeFiles/CMakeTmp/Debug/cmTryCompileExec

Using built-in specs.
Target: i686-apple-darwin10
Configured with: /var/tmp/gcc/gcc-5646.1~2/src/configure --disable-checking --enable-werror --prefix=/usr --mandir=/share/man --enable-languages=c,objc,c++,obj-c++ --program-transform-name=/^[cg][^.-]*$/s/$/-4.2/ --with-slibdir=/usr/lib --build=i686-apple-darwin10 --with-gxx-include-dir=/include/c++/4.2.1 --program-prefix=i686-apple-darwin10- --host=x86_64-apple-darwin10 --target=i686-apple-darwin10
Thread model: posix
gcc version 4.2.1 (Apple Inc. build 5646) (dot 1)
 /Developer/usr/bin/../libexec/gcc/i686-apple-darwin10/4.2.1/collect2 -dynamic -arch x86_64 -headerpad_max_install_names -macosx_version_min 10.6 -syslibroot /Developer/SDKs/MacOSX10.6.sdk -weak_reference_mismatches non-weak -o /Users/gijs/Work/sonic-vision/code/cpp/finder/build.mac/CMakeFiles/CMakeTmp/Debug/cmTryCompileExec -lcrt1.10.6.o -L/Users/gijs/Work/sonic-vision/code/cpp/finder/build.mac/CMakeFiles/CMakeTmp/Debug -L/Developer/usr/bin/../lib/gcc/i686-apple-darwin10/4.2.1/x86_64 -L/usr/lib/gcc/i686-apple-darwin10/4.2.1/x86_64 -L/usr/lib/gcc/i686-apple-darwin10/4.2.1/x86_64 -L/Developer/SDKs/MacOSX10.6.sdk/usr/lib/i686-apple-darwin10/4.2.1 -L/Developer/SDKs/MacOSX10.6.sdk/usr/lib -L/Developer/usr/bin/../lib/gcc/i686-apple-darwin10/4.2.1 -L/Developer/usr/bin/../lib/gcc -L/usr/lib/gcc/i686-apple-darwin10/4.2.1 -L/usr/lib/gcc/i686-apple-darwin10/4.2.1 -L/Developer/usr/bin/../lib/gcc/i686-apple-darwin10/4.2.1/../../../i686-apple-darwin10/4.2.1 -L/Developer/usr/bin/../lib/gcc/i686-apple-darwin10/4.2.1/../../.. -L/Developer/SDKs/MacOSX10.6.sdk/usr/lib/gcc/i686-apple-darwin10/4.2.1/../../../i686-apple-darwin10/4.2.1 -L/Developer/SDKs/MacOSX10.6.sdk/usr/lib/gcc/i686-apple-darwin10/4.2.1/../../.. -filelist /Users/gijs/Work/sonic-vision/code/cpp/finder/build.mac/CMakeFiles/CMakeTmp/CMAKE_TRY_COMPILE.build/Debug/cmTryCompileExec.build/Objects-normal/x86_64/cmTryCompileExec.LinkFileList -search_paths_first -lstdc++ -lSystem -lgcc -lSystem -F/Users/gijs/Work/sonic-vision/code/cpp/finder/build.mac/CMakeFiles/CMakeTmp/Debug
PhaseScriptExecution "CMake PostBuild Rules" CMAKE_TRY_COMPILE.build/Debug/cmTryCompileExec.build/Script-8A0EA08A0EA08A0EA0000000.sh
    cd /Users/gijs/Work/sonic-vision/code/cpp/finder/build.mac/CMakeFiles/CMakeTmp
    /bin/sh -c /Users/gijs/Work/sonic-vision/code/cpp/finder/build.mac/CMakeFiles/CMakeTmp/CMAKE_TRY_COMPILE.build/Debug/cmTryCompileExec.build/Script-8A0EA08A0EA08A0EA0000000.sh

echo "Depend check for xcode"
Depend check for xcode
cd /Users/gijs/Work/sonic-vision/code/cpp/finder/build.mac/CMakeFiles/CMakeTmp && make -C /Users/gijs/Work/sonic-vision/code/cpp/finder/build.mac/CMakeFiles/CMakeTmp -f /Users/gijs/Work/sonic-vision/code/cpp/finder/build.mac/CMakeFiles/CMakeTmp/CMakeScripts/XCODE_DEPEND_HELPER.make all.Debug
make[1]: Nothing to be done for `all.Debug'.
** BUILD SUCCEEDED **



